Change Component Designator: Old Designator=C189 New Designator=C?
Change Component Designator: Old Designator=C190 New Designator=C?
Change Component Designator: Old Designator=C191 New Designator=C?
Change Component Designator: Old Designator=C192 New Designator=C?
Change Component Designator: Old Designator=C193 New Designator=C?
Change Component Designator: Old Designator=C194 New Designator=C?
Change Component Designator: Old Designator=C195 New Designator=C?
Change Component Designator: Old Designator=C196 New Designator=C?
Change Component Designator: Old Designator=C197 New Designator=C?
Change Component Designator: Old Designator=C198 New Designator=C?
Change Component Designator: Old Designator=C199 New Designator=C?
Change Component Designator: Old Designator=C200 New Designator=C?
Change Component Designator: Old Designator=C201 New Designator=C?
Change Component Designator: Old Designator=C202 New Designator=C?
Change Component Designator: Old Designator=C203 New Designator=C?
Change Component Designator: Old Designator=C204 New Designator=C?
Change Component Designator: Old Designator=C205 New Designator=C?
Change Component Designator: Old Designator=C206 New Designator=C?
Change Component Designator: Old Designator=C207 New Designator=C?
Change Component Designator: Old Designator=C208 New Designator=C?
Change Component Designator: Old Designator=C209 New Designator=C?
Change Component Designator: Old Designator=C210 New Designator=C?
Change Component Designator: Old Designator=C211 New Designator=C?
Change Component Designator: Old Designator=FB27 New Designator=FB?
Change Component Designator: Old Designator=FB28 New Designator=FB?
Change Component Designator: Old Designator=IC17 New Designator=IC?
Change Component Designator: Old Designator=IC17 New Designator=IC?
Change Component Designator: Old Designator=IC17 New Designator=IC?
Change Component Designator: Old Designator=IC17 New Designator=IC?
Change Component Designator: Old Designator=IC17 New Designator=IC?
Change Component Designator: Old Designator=IC17 New Designator=IC?
Change Component Designator: Old Designator=IC17 New Designator=IC?
Change Component Designator: Old Designator=IC17 New Designator=IC?
Change Component Designator: Old Designator=IC17 New Designator=IC?
Change Component Designator: Old Designator=IC17 New Designator=IC?
Change Component Designator: Old Designator=R138 New Designator=R?
Change Component Designator: Old Designator=R139 New Designator=R?
Change Component Designator: Old Designator=R140 New Designator=R?
Change Component Designator: Old Designator=SC1 New Designator=SC?
Change Component Designator: Old Designator=VD7 New Designator=VD?
Change Component Designator: Old Designator=ZQ4 New Designator=ZQ?
Change Component Designator: Old Designator=ZQ5 New Designator=ZQ?
