Change Component Designator: Old Designator=C? New Designator=C152
Change Component Designator: Old Designator=C? New Designator=C153
Change Component Designator: Old Designator=C? New Designator=C154
Change Component Designator: Old Designator=C? New Designator=C155
Change Component Designator: Old Designator=C? New Designator=C156
Change Component Designator: Old Designator=C? New Designator=C157
Change Component Designator: Old Designator=C? New Designator=C158
Change Component Designator: Old Designator=C? New Designator=C159
Change Component Designator: Old Designator=C? New Designator=C160
Change Component Designator: Old Designator=C? New Designator=C161
Change Component Designator: Old Designator=C? New Designator=C162
Change Component Designator: Old Designator=C? New Designator=C163
Change Component Designator: Old Designator=C? New Designator=C164
Change Component Designator: Old Designator=C? New Designator=C165
Change Component Designator: Old Designator=C? New Designator=C166
Change Component Designator: Old Designator=C? New Designator=C167
Change Component Designator: Old Designator=C? New Designator=C168
Change Component Designator: Old Designator=C? New Designator=C169
Change Component Designator: Old Designator=C? New Designator=C170
Change Component Designator: Old Designator=C? New Designator=C171
Change Component Designator: Old Designator=C? New Designator=C172
Change Component Designator: Old Designator=C? New Designator=C173
Change Component Designator: Old Designator=C? New Designator=C174
Change Component Designator: Old Designator=FB? New Designator=FB21
Change Component Designator: Old Designator=FB? New Designator=FB22
Change Component Designator: Old Designator=IC? New Designator=IC15
Change Component Designator: Old Designator=IC? New Designator=IC15
Change Component Designator: Old Designator=IC? New Designator=IC15
Change Component Designator: Old Designator=IC? New Designator=IC15
Change Component Designator: Old Designator=IC? New Designator=IC15
Change Component Designator: Old Designator=IC? New Designator=IC15
Change Component Designator: Old Designator=IC? New Designator=IC15
Change Component Designator: Old Designator=IC? New Designator=IC15
Change Component Designator: Old Designator=IC? New Designator=IC15
Change Component Designator: Old Designator=IC? New Designator=IC15
Change Component Designator: Old Designator=R? New Designator=R115
Change Component Designator: Old Designator=R? New Designator=R116
Change Component Designator: Old Designator=R? New Designator=R117
Change Component Designator: Old Designator=SC? New Designator=SC1
Change Component Designator: Old Designator=VD? New Designator=VD7
Change Component Designator: Old Designator=ZQ? New Designator=ZQ3
Change Component Designator: Old Designator=ZQ? New Designator=ZQ4
