Change Component Designator: Old Designator=AC? New Designator=AC1
Change Component Designator: Old Designator=C? New Designator=C175
Change Component Designator: Old Designator=C? New Designator=C176
Change Component Designator: Old Designator=C? New Designator=C177
Change Component Designator: Old Designator=C? New Designator=C178
Change Component Designator: Old Designator=C? New Designator=C179
Change Component Designator: Old Designator=C? New Designator=C180
Change Component Designator: Old Designator=C? New Designator=C181
Change Component Designator: Old Designator=C? New Designator=C182
Change Component Designator: Old Designator=C? New Designator=C183
Change Component Designator: Old Designator=C? New Designator=C184
Change Component Designator: Old Designator=C? New Designator=C185
Change Component Designator: Old Designator=C? New Designator=C186
Change Component Designator: Old Designator=FB? New Designator=FB23
Change Component Designator: Old Designator=FB? New Designator=FB24
Change Component Designator: Old Designator=GB? New Designator=GB1
Change Component Designator: Old Designator=GB? New Designator=GB2
Change Component Designator: Old Designator=R? New Designator=R118
Change Component Designator: Old Designator=R? New Designator=R119
Change Component Designator: Old Designator=R? New Designator=R120
Change Component Designator: Old Designator=R? New Designator=R121
Change Component Designator: Old Designator=R? New Designator=R122
Change Component Designator: Old Designator=R? New Designator=R123
Change Component Designator: Old Designator=R? New Designator=R124
Change Component Designator: Old Designator=R? New Designator=R125
Change Component Designator: Old Designator=R? New Designator=R126
Change Component Designator: Old Designator=R? New Designator=R127
Change Component Designator: Old Designator=R? New Designator=R128
Change Component Designator: Old Designator=VD? New Designator=VD8
Change Component Designator: Old Designator=WA? New Designator=WA1
Change Component Designator: Old Designator=X? New Designator=X2
Change Component Designator: Old Designator=X? New Designator=X3
Change Component Designator: Old Designator=XA? New Designator=XA1
Change Component Designator: Old Designator=XA? New Designator=XA2
Change Component Designator: Old Designator=XP? New Designator=XP1
Change Component Designator: Old Designator=XP? New Designator=XP2
Change Component Designator: Old Designator=XS? New Designator=XS3
Change Component Designator: Old Designator=XW? New Designator=XW1
