Change Component Designator: Old Designator=AC3 New Designator=AC?
Change Component Designator: Old Designator=C218 New Designator=C?
Change Component Designator: Old Designator=C219 New Designator=C?
Change Component Designator: Old Designator=C220 New Designator=C?
Change Component Designator: Old Designator=C221 New Designator=C?
Change Component Designator: Old Designator=C222 New Designator=C?
Change Component Designator: Old Designator=C223 New Designator=C?
Change Component Designator: Old Designator=C224 New Designator=C?
Change Component Designator: Old Designator=C225 New Designator=C?
Change Component Designator: Old Designator=C226 New Designator=C?
Change Component Designator: Old Designator=C227 New Designator=C?
Change Component Designator: Old Designator=C228 New Designator=C?
Change Component Designator: Old Designator=C229 New Designator=C?
Change Component Designator: Old Designator=FB29 New Designator=FB?
Change Component Designator: Old Designator=FB30 New Designator=FB?
Change Component Designator: Old Designator=GB1 New Designator=GB?
Change Component Designator: Old Designator=GB2 New Designator=GB?
Change Component Designator: Old Designator=R157 New Designator=R?
Change Component Designator: Old Designator=R158 New Designator=R?
Change Component Designator: Old Designator=R159 New Designator=R?
Change Component Designator: Old Designator=R160 New Designator=R?
Change Component Designator: Old Designator=R161 New Designator=R?
Change Component Designator: Old Designator=R162 New Designator=R?
Change Component Designator: Old Designator=R163 New Designator=R?
Change Component Designator: Old Designator=R164 New Designator=R?
Change Component Designator: Old Designator=R165 New Designator=R?
Change Component Designator: Old Designator=R166 New Designator=R?
Change Component Designator: Old Designator=R167 New Designator=R?
Change Component Designator: Old Designator=VD8 New Designator=VD?
Change Component Designator: Old Designator=WA3 New Designator=WA?
Change Component Designator: Old Designator=X2 New Designator=X?
Change Component Designator: Old Designator=X3 New Designator=X?
Change Component Designator: Old Designator=XA1 New Designator=XA?
Change Component Designator: Old Designator=XA2 New Designator=XA?
Change Component Designator: Old Designator=XP3 New Designator=XP?
Change Component Designator: Old Designator=XP4 New Designator=XP?
Change Component Designator: Old Designator=XS7 New Designator=XS?
Change Component Designator: Old Designator=XW1 New Designator=XW?
