Removed Pin From Net: NetName=GND Pin=C98-1
Removed Pin From Net: NetName=GND Pin=C122-1
Removed Pin From Net: NetName=GND Pin=C123-1
Removed Pin From Net: NetName=GND Pin=C124-2
Removed Pin From Net: NetName=GND Pin=C125-1
Removed Pin From Net: NetName=GND Pin=C126-2
Removed Pin From Net: NetName=GND Pin=C128-2
Removed Pin From Net: NetName=GND Pin=C129-1
Removed Pin From Net: NetName=GND Pin=C130-1
Removed Pin From Net: NetName=GND Pin=C131-1
Removed Pin From Net: NetName=GND Pin=C133-1
Removed Pin From Net: NetName=GND Pin=C134-2
Removed Pin From Net: NetName=GND Pin=C135-2
Removed Pin From Net: NetName=GND Pin=C136-2
Removed Pin From Net: NetName=GND Pin=C138-1
Removed Pin From Net: NetName=GND Pin=C139-1
Removed Pin From Net: NetName=GND Pin=C141-2
Removed Pin From Net: NetName=GND Pin=C142-2
Removed Pin From Net: NetName=GND Pin=C143-2
Removed Pin From Net: NetName=GND Pin=C144-1
Removed Pin From Net: NetName=GND Pin=C145-1
Removed Pin From Net: NetName=GND Pin=C146-1
Removed Pin From Net: NetName=GND Pin=C147-2
Removed Pin From Net: NetName=GND Pin=C148-1
Removed Pin From Net: NetName=GND Pin=C149-1
Removed Pin From Net: NetName=GND Pin=C150-1
Removed Pin From Net: NetName=GND Pin=C152-1
Removed Pin From Net: NetName=GND Pin=C169-2
Removed Pin From Net: NetName=GND Pin=C170-1
Removed Pin From Net: NetName=GND Pin=C171-1
Removed Pin From Net: NetName=GND Pin=C172-2
Removed Pin From Net: NetName=GND Pin=C212-1
Removed Pin From Net: NetName=GND Pin=C213-1
Removed Pin From Net: NetName=GND Pin=C214-1
Removed Pin From Net: NetName=GND Pin=C215-1
Removed Pin From Net: NetName=GND Pin=C216-1
Removed Pin From Net: NetName=GND Pin=C217-2
Removed Pin From Net: NetName=GND Pin=C230-1
Removed Pin From Net: NetName=GND Pin=C231-2
Removed Pin From Net: NetName=GND Pin=DA1-1
Removed Pin From Net: NetName=GND Pin=DA1-4
Removed Pin From Net: NetName=GND Pin=DA1-5
Removed Pin From Net: NetName=GND Pin=DA1-6
Removed Pin From Net: NetName=GND Pin=DA1-7
Removed Pin From Net: NetName=GND Pin=DA1-8
Removed Pin From Net: NetName=GND Pin=DA1-9
Removed Pin From Net: NetName=GND Pin=DA1-12
Removed Pin From Net: NetName=GND Pin=DA1-13
Removed Pin From Net: NetName=GND Pin=DA1-14
Removed Pin From Net: NetName=GND Pin=DA1-15
Removed Pin From Net: NetName=GND Pin=DA1-16
Removed Pin From Net: NetName=GND Pin=DA2-7
Removed Pin From Net: NetName=GND Pin=DA2-9
Removed Pin From Net: NetName=GND Pin=DA3-7
Removed Pin From Net: NetName=GND Pin=DA3-15
Removed Pin From Net: NetName=GND Pin=Designator13-1
Removed Pin From Net: NetName=GND Pin=Designator13-2
Removed Pin From Net: NetName=GND Pin=Designator13-3
Removed Pin From Net: NetName=GND Pin=Designator14-1
Removed Pin From Net: NetName=GND Pin=Designator14-2
Removed Pin From Net: NetName=GND Pin=Designator14-3
Removed Pin From Net: NetName=GND Pin=Designator15-1
Removed Pin From Net: NetName=GND Pin=Designator15-2
Removed Pin From Net: NetName=GND Pin=Designator15-3
Removed Pin From Net: NetName=GND Pin=Designator16-1
Removed Pin From Net: NetName=GND Pin=Designator16-2
Removed Pin From Net: NetName=GND Pin=Designator16-3
Removed Pin From Net: NetName=GND Pin=Designator17-1
Removed Pin From Net: NetName=GND Pin=Designator17-2
Removed Pin From Net: NetName=GND Pin=Designator17-3
Removed Pin From Net: NetName=GND Pin=Designator18-1
Removed Pin From Net: NetName=GND Pin=Designator18-2
Removed Pin From Net: NetName=GND Pin=Designator18-3
Removed Pin From Net: NetName=GND Pin=Designator19-1
Removed Pin From Net: NetName=GND Pin=Designator19-2
Removed Pin From Net: NetName=GND Pin=Designator19-3
Removed Pin From Net: NetName=GND Pin=Designator20-1
Removed Pin From Net: NetName=GND Pin=Designator20-2
Removed Pin From Net: NetName=GND Pin=Designator20-3
Removed Pin From Net: NetName=GND Pin=Designator22-1
Removed Pin From Net: NetName=GND Pin=Designator22-2
Removed Pin From Net: NetName=GND Pin=Designator22-3
Removed Pin From Net: NetName=GND Pin=Designator23-1
Removed Pin From Net: NetName=GND Pin=Designator23-2
Removed Pin From Net: NetName=GND Pin=Designator23-3
Removed Pin From Net: NetName=GND Pin=Designator26-1
Removed Pin From Net: NetName=GND Pin=Designator26-2
Removed Pin From Net: NetName=GND Pin=Designator26-3
Removed Pin From Net: NetName=GND Pin=Designator28-1
Removed Pin From Net: NetName=GND Pin=Designator28-2
Removed Pin From Net: NetName=GND Pin=Designator28-3
Removed Pin From Net: NetName=GND Pin=Designator29-1
Removed Pin From Net: NetName=GND Pin=Designator29-2
Removed Pin From Net: NetName=GND Pin=Designator29-3
Removed Pin From Net: NetName=GND Pin=Designator30-1
Removed Pin From Net: NetName=GND Pin=Designator30-2
Removed Pin From Net: NetName=GND Pin=Designator30-3
Removed Pin From Net: NetName=GND Pin=Designator31-1
Removed Pin From Net: NetName=GND Pin=Designator31-2
Removed Pin From Net: NetName=GND Pin=Designator31-3
Removed Pin From Net: NetName=+PWR Pin=FB13-1
Removed Pin From Net: NetName=+3V3 Pin=FB14-1
Removed Pin From Net: NetName=+3V3 Pin=FB15-2
Removed Pin From Net: NetName=+3V3 Pin=FB17-2
Removed Pin From Net: NetName=+PWR Pin=FB21-1
Removed Pin From Net: NetName=GND Pin=IC9-2
Removed Pin From Net: NetName=GND Pin=IC9-4
Removed Pin From Net: NetName=GND Pin=IC9-8
Removed Pin From Net: NetName=GND Pin=IC9-9
Removed Pin From Net: NetName=GND Pin=IC9-22
Removed Pin From Net: NetName=GND Pin=IC9-25
Removed Pin From Net: NetName=GND Pin=IC9-26
Removed Pin From Net: NetName=GND Pin=IC9-32
Removed Pin From Net: NetName=GND Pin=IC9-41
Removed Pin From Net: NetName=GND Pin=IC13-2
Removed Pin From Net: NetName=+PWR Pin=L44-1
Removed Pin From Net: NetName=+3V3 Pin=R37-2
Removed Pin From Net: NetName=GND Pin=R69-1
Removed Pin From Net: NetName=GND Pin=R73-1
Removed Pin From Net: NetName=GND Pin=R75-2
Removed Pin From Net: NetName=GND Pin=R76-2
Removed Pin From Net: NetName=GND Pin=R79-2
Removed Pin From Net: NetName=+3V3 Pin=R80-1
Removed Pin From Net: NetName=+3V3 Pin=R84-5
Removed Pin From Net: NetName=+3V3 Pin=R84-6
Removed Pin From Net: NetName=+3V3 Pin=R84-7
Removed Pin From Net: NetName=+3V3 Pin=R84-8
Removed Pin From Net: NetName=GND Pin=R119-1
Removed Pin From Net: NetName=GND Pin=R120-1
Removed Pin From Net: NetName=+3V3 Pin=R143-2
Removed Pin From Net: NetName=GND Pin=R144-1
Removed Pin From Net: NetName=+3V3 Pin=R146-2
Removed Pin From Net: NetName=GND Pin=R147-1
Removed Pin From Net: NetName=GND Pin=R147-2
Removed Pin From Net: NetName=GND Pin=R147-3
Removed Pin From Net: NetName=GND Pin=R147-4
Removed Pin From Net: NetName=GND Pin=R148-1
Removed Pin From Net: NetName=GND Pin=R148-2
Removed Pin From Net: NetName=GND Pin=R148-3
Removed Pin From Net: NetName=GND Pin=R148-4
Removed Pin From Net: NetName=GND Pin=R149-1
Removed Pin From Net: NetName=GND Pin=R149-2
Removed Pin From Net: NetName=GND Pin=R149-3
Removed Pin From Net: NetName=GND Pin=R149-4
Removed Pin From Net: NetName=GND Pin=R150-1
Removed Pin From Net: NetName=GND Pin=R150-2
Removed Pin From Net: NetName=GND Pin=R150-3
Removed Pin From Net: NetName=GND Pin=R150-4
Removed Pin From Net: NetName=GND Pin=R151-1
Removed Pin From Net: NetName=GND Pin=R151-2
Removed Pin From Net: NetName=GND Pin=R151-3
Removed Pin From Net: NetName=GND Pin=R151-4
Removed Pin From Net: NetName=+3V3 Pin=R152-1
Removed Pin From Net: NetName=+3V3 Pin=R152-2
Removed Pin From Net: NetName=+3V3 Pin=R152-3
Removed Pin From Net: NetName=+3V3 Pin=R152-4
Removed Pin From Net: NetName=+3V3 Pin=R153-1
Removed Pin From Net: NetName=+3V3 Pin=R153-2
Removed Pin From Net: NetName=+3V3 Pin=R153-3
Removed Pin From Net: NetName=+3V3 Pin=R153-4
Removed Pin From Net: NetName=+3V3 Pin=R154-1
Removed Pin From Net: NetName=+3V3 Pin=R154-2
Removed Pin From Net: NetName=+3V3 Pin=R154-3
Removed Pin From Net: NetName=+3V3 Pin=R154-4
Removed Pin From Net: NetName=+3V3 Pin=R155-1
Removed Pin From Net: NetName=+3V3 Pin=R155-2
Removed Pin From Net: NetName=+3V3 Pin=R155-3
Removed Pin From Net: NetName=+3V3 Pin=R155-4
Removed Pin From Net: NetName=+3V3 Pin=R156-1
Removed Pin From Net: NetName=+3V3 Pin=R156-2
Removed Pin From Net: NetName=+3V3 Pin=R156-3
Removed Pin From Net: NetName=+3V3 Pin=R156-4
Removed Pin From Net: NetName=GND Pin=SB1-1
Removed Pin From Net: NetName=GND Pin=XP1-2
Removed Pin From Net: NetName=GND Pin=XS5-1
Removed Pin From Net: NetName=GND Pin=XS7-S1
Removed Pin From Net: NetName=GND Pin=XS7-S2
Removed Pin From Net: NetName=GND Pin=XS7-S3
Removed Pin From Net: NetName=GND Pin=XS7-S4
Removed Pin From Net: NetName=GND Pin=ZQ3-2
Removed Member From Class: ClassName=A4 Member=C98
Removed Member From Class: ClassName=“≈»ﬂ.464511.002 ›3 Member=C212
Removed Member From Class: ClassName=“≈»ﬂ.464511.002 ›3 Member=C213
Removed Member From Class: ClassName=“≈»ﬂ.464511.002 ›3 Member=C214
Removed Member From Class: ClassName=“≈»ﬂ.464511.002 ›3 Member=C215
Removed Member From Class: ClassName=“≈»ﬂ.464511.002 ›3 Member=C216
Removed Member From Class: ClassName=“≈»ﬂ.464511.002 ›3 Member=C217
Removed Member From Class: ClassName=“≈»ﬂ.464511.002 ›3 Member=L51
Removed Member From Class: ClassName=“≈»ﬂ.464511.002 ›3 Member=L52
Removed Member From Class: ClassName=“≈»ﬂ.464511.002 ›3 Member=L53
Removed Member From Class: ClassName=“≈»ﬂ.464511.002 ›3 Member=L54
Removed Member From Class: ClassName=“≈»ﬂ.464511.002 ›3 Member=L55
Removed Member From Class: ClassName=A4 Member=R37
Removed Member From Class: ClassName=“≈»ﬂ.464511.002 ›3 Member=R141
Removed Member From Class: ClassName=“≈»ﬂ.464511.002 ›3 Member=R142
Removed Member From Class: ClassName=“≈»ﬂ.464511.002 ›3 Member=R143
Removed Member From Class: ClassName=“≈»ﬂ.464511.002 ›3 Member=R144
Removed Member From Class: ClassName=“≈»ﬂ.464511.002 ›3 Member=R145
Removed Member From Class: ClassName=“≈»ﬂ.464511.002 ›3 Member=R146
Removed Member From Class: ClassName=“≈»ﬂ.464511.002 ›3 Member=R147
Removed Member From Class: ClassName=“≈»ﬂ.464511.002 ›3 Member=R148
Removed Member From Class: ClassName=“≈»ﬂ.464511.002 ›3 Member=R149
Removed Member From Class: ClassName=“≈»ﬂ.464511.002 ›3 Member=R150
Removed Member From Class: ClassName=“≈»ﬂ.464511.002 ›3 Member=R151
Removed Member From Class: ClassName=“≈»ﬂ.464511.002 ›3 Member=R152
Removed Member From Class: ClassName=“≈»ﬂ.464511.002 ›3 Member=R153
Removed Member From Class: ClassName=“≈»ﬂ.464511.002 ›3 Member=R154
Removed Member From Class: ClassName=“≈»ﬂ.464511.002 ›3 Member=R155
Removed Member From Class: ClassName=“≈»ﬂ.464511.002 ›3 Member=R156
Removed Member From Class: ClassName=A4 Member=SB1
Removed Member From Class: ClassName=“≈»ﬂ.464511.002 ›3 Member=XP3
Removed Member From Class: ClassName=“≈»ﬂ.464511.002 ›3 Member=XS3
Removed Member From Class: ClassName=“≈»ﬂ.464511.002 ›3 Member=XS5
Change Component Footprint: Designator=XP1 Old Footprint=:CON 5037630291 New Footprint=:CON 5040500491
Change Component Comment : Designator=XP1 Old Comment=5037630291 New Comment=5040500491
Change Component Designator: OldDesignator=C1 NewDesignator=C81
Change Component Designator: OldDesignator=C2 NewDesignator=C82
Change Component Designator: OldDesignator=C3 NewDesignator=C83
Change Component Designator: OldDesignator=C4 NewDesignator=C84
Change Component Designator: OldDesignator=C5 NewDesignator=C85
Change Component Designator: OldDesignator=C6 NewDesignator=C86
Change Component Designator: OldDesignator=C7 NewDesignator=C87
Change Component Designator: OldDesignator=C8 NewDesignator=C88
Change Component Designator: OldDesignator=C9 NewDesignator=C89
Change Component Designator: OldDesignator=C10 NewDesignator=C90
Change Component Designator: OldDesignator=C11 NewDesignator=C91
Change Component Designator: OldDesignator=C12 NewDesignator=C92
Change Component Designator: OldDesignator=C13 NewDesignator=C93
Change Component Designator: OldDesignator=C14 NewDesignator=C94
Change Component Designator: OldDesignator=C15 NewDesignator=C95
Change Component Designator: OldDesignator=C16 NewDesignator=C96
Change Component Designator: OldDesignator=C17 NewDesignator=C97
Change Component Designator: OldDesignator=C18 NewDesignator=C98
Change Component Designator: OldDesignator=C19 NewDesignator=C99
Change Component Designator: OldDesignator=C20 NewDesignator=C100
Change Component Designator: OldDesignator=C21 NewDesignator=C101
Change Component Designator: OldDesignator=C22 NewDesignator=C102
Change Component Designator: OldDesignator=C23 NewDesignator=C103
Change Component Designator: OldDesignator=C24 NewDesignator=C104
Change Component Designator: OldDesignator=C25 NewDesignator=C105
Change Component Designator: OldDesignator=C26 NewDesignator=C106
Change Component Designator: OldDesignator=C27 NewDesignator=C107
Change Component Designator: OldDesignator=C28 NewDesignator=C108
Change Component Designator: OldDesignator=C29 NewDesignator=C109
Change Component Designator: OldDesignator=C30 NewDesignator=C110
Change Component Designator: OldDesignator=C31 NewDesignator=C111
Change Component Designator: OldDesignator=C32 NewDesignator=C112
Change Component Designator: OldDesignator=C33 NewDesignator=C113
Change Component Designator: OldDesignator=C34 NewDesignator=C114
Change Component Designator: OldDesignator=C35 NewDesignator=C115
Change Component Designator: OldDesignator=C36 NewDesignator=C116
Change Component Designator: OldDesignator=C37 NewDesignator=C117
Change Component Designator: OldDesignator=C38 NewDesignator=C118
Change Component Designator: OldDesignator=C39 NewDesignator=C119
Change Component Designator: OldDesignator=C40 NewDesignator=C120
Change Component Designator: OldDesignator=C41 NewDesignator=C121
Change Component Designator: OldDesignator=C42 NewDesignator=C122
Change Component Designator: OldDesignator=C43 NewDesignator=C123
Change Component Designator: OldDesignator=C44 NewDesignator=C124
Change Component Designator: OldDesignator=C45 NewDesignator=C125
Change Component Designator: OldDesignator=C46 NewDesignator=C126
Change Component Designator: OldDesignator=C47 NewDesignator=C127
Change Component Designator: OldDesignator=C48 NewDesignator=C128
Change Component Designator: OldDesignator=C49 NewDesignator=C129
Change Component Designator: OldDesignator=C50 NewDesignator=C130
Change Component Designator: OldDesignator=C51 NewDesignator=C131
Change Component Designator: OldDesignator=C52 NewDesignator=C132
Change Component Designator: OldDesignator=C53 NewDesignator=C133
Change Component Designator: OldDesignator=C54 NewDesignator=C134
Change Component Designator: OldDesignator=C55 NewDesignator=C135
Change Component Designator: OldDesignator=C56 NewDesignator=C136
Change Component Designator: OldDesignator=C57 NewDesignator=C137
Change Component Designator: OldDesignator=C58 NewDesignator=C138
Change Component Designator: OldDesignator=C59 NewDesignator=C139
Change Component Designator: OldDesignator=C60 NewDesignator=C140
Change Component Designator: OldDesignator=C61 NewDesignator=C141
Change Component Designator: OldDesignator=C62 NewDesignator=C142
Change Component Designator: OldDesignator=C63 NewDesignator=C143
Change Component Designator: OldDesignator=C64 NewDesignator=C144
Change Component Designator: OldDesignator=C65 NewDesignator=C145
Change Component Designator: OldDesignator=C66 NewDesignator=C146
Change Component Designator: OldDesignator=C67 NewDesignator=C147
Change Component Designator: OldDesignator=C68 NewDesignator=C148
Change Component Designator: OldDesignator=C69 NewDesignator=C149
Change Component Designator: OldDesignator=C70 NewDesignator=C150
Change Component Designator: OldDesignator=C71 NewDesignator=C151
Change Component Designator: OldDesignator=C72 NewDesignator=C152
Change Component Designator: OldDesignator=C73 NewDesignator=C153
Change Component Designator: OldDesignator=C74 NewDesignator=C154
Change Component Designator: OldDesignator=C75 NewDesignator=C155
Change Component Designator: OldDesignator=C76 NewDesignator=C156
Change Component Designator: OldDesignator=C77 NewDesignator=C158
Change Component Designator: OldDesignator=C78 NewDesignator=C157
Change Component Designator: OldDesignator=C79 NewDesignator=C159
Change Component Designator: OldDesignator=C80 NewDesignator=C160
Change Component Designator: OldDesignator=C81 NewDesignator=C161
Change Component Designator: OldDesignator=C82 NewDesignator=C162
Change Component Designator: OldDesignator=C83 NewDesignator=C163
Change Component Designator: OldDesignator=C84 NewDesignator=C164
Change Component Designator: OldDesignator=C85 NewDesignator=C165
Change Component Designator: OldDesignator=C86 NewDesignator=C166
Change Component Designator: OldDesignator=C87 NewDesignator=C33
Change Component Designator: OldDesignator=C88 NewDesignator=C34
Change Component Designator: OldDesignator=C89 NewDesignator=C35
Change Component Designator: OldDesignator=C90 NewDesignator=C36
Change Component Designator: OldDesignator=C91 NewDesignator=C37
Change Component Designator: OldDesignator=C92 NewDesignator=C38
Change Component Designator: OldDesignator=C93 NewDesignator=C39
Change Component Designator: OldDesignator=C94 NewDesignator=C40
Change Component Designator: OldDesignator=C95 NewDesignator=C41
Change Component Designator: OldDesignator=C96 NewDesignator=C42
Change Component Designator: OldDesignator=C97 NewDesignator=C43
Change Component Designator: OldDesignator=C99 NewDesignator=C44
Change Component Designator: OldDesignator=C100 NewDesignator=C45
Change Component Designator: OldDesignator=C101 NewDesignator=C167
Change Component Designator: OldDesignator=C102 NewDesignator=C168
Change Component Designator: OldDesignator=C103 NewDesignator=C169
Change Component Designator: OldDesignator=C104 NewDesignator=C170
Change Component Designator: OldDesignator=C105 NewDesignator=C171
Change Component Designator: OldDesignator=C106 NewDesignator=C172
Change Component Designator: OldDesignator=C107 NewDesignator=C173
Change Component Designator: OldDesignator=C108 NewDesignator=C174
Change Component Designator: OldDesignator=C109 NewDesignator=C175
Change Component Designator: OldDesignator=C110 NewDesignator=C176
Change Component Designator: OldDesignator=C111 NewDesignator=C177
Change Component Designator: OldDesignator=C112 NewDesignator=C178
Change Component Designator: OldDesignator=C113 NewDesignator=C179
Change Component Designator: OldDesignator=C114 NewDesignator=C180
Change Component Designator: OldDesignator=C115 NewDesignator=C181
Change Component Designator: OldDesignator=C116 NewDesignator=C182
Change Component Designator: OldDesignator=C117 NewDesignator=C183
Change Component Designator: OldDesignator=C118 NewDesignator=C184
Change Component Designator: OldDesignator=C119 NewDesignator=C185
Change Component Designator: OldDesignator=C120 NewDesignator=C186
Change Component Designator: OldDesignator=C153 NewDesignator=C46
Change Component Designator: OldDesignator=C154 NewDesignator=C47
Change Component Designator: OldDesignator=C155 NewDesignator=C48
Change Component Designator: OldDesignator=C156 NewDesignator=C49
Change Component Designator: OldDesignator=C157 NewDesignator=C50
Change Component Designator: OldDesignator=C158 NewDesignator=C51
Change Component Designator: OldDesignator=C159 NewDesignator=C52
Change Component Designator: OldDesignator=C160 NewDesignator=C53
Change Component Designator: OldDesignator=C161 NewDesignator=C54
Change Component Designator: OldDesignator=C162 NewDesignator=C55
Change Component Designator: OldDesignator=C163 NewDesignator=C56
Change Component Designator: OldDesignator=C164 NewDesignator=C57
Change Component Designator: OldDesignator=C165 NewDesignator=C29
Change Component Designator: OldDesignator=C166 NewDesignator=C30
Change Component Designator: OldDesignator=C167 NewDesignator=C31
Change Component Designator: OldDesignator=C168 NewDesignator=C32
Change Component Designator: OldDesignator=C173 NewDesignator=C13
Change Component Designator: OldDesignator=C174 NewDesignator=C14
Change Component Designator: OldDesignator=C175 NewDesignator=C15
Change Component Designator: OldDesignator=C176 NewDesignator=C16
Change Component Designator: OldDesignator=C177 NewDesignator=C17
Change Component Designator: OldDesignator=C178 NewDesignator=C18
Change Component Designator: OldDesignator=C179 NewDesignator=C24
Change Component Designator: OldDesignator=C180 NewDesignator=C25
Change Component Designator: OldDesignator=C181 NewDesignator=C26
Change Component Designator: OldDesignator=C182 NewDesignator=C27
Change Component Designator: OldDesignator=C183 NewDesignator=C28
Change Component Designator: OldDesignator=C184 NewDesignator=C19
Change Component Designator: OldDesignator=C185 NewDesignator=C20
Change Component Designator: OldDesignator=C186 NewDesignator=C21
Change Component Designator: OldDesignator=C187 NewDesignator=C22
Change Component Designator: OldDesignator=C188 NewDesignator=C23
Change Component Designator: OldDesignator=C189 NewDesignator=C58
Change Component Designator: OldDesignator=C190 NewDesignator=C59
Change Component Designator: OldDesignator=C191 NewDesignator=C60
Change Component Designator: OldDesignator=C192 NewDesignator=C61
Change Component Designator: OldDesignator=C193 NewDesignator=C62
Change Component Designator: OldDesignator=C194 NewDesignator=C63
Change Component Designator: OldDesignator=C195 NewDesignator=C64
Change Component Designator: OldDesignator=C196 NewDesignator=C65
Change Component Designator: OldDesignator=C197 NewDesignator=C66
Change Component Designator: OldDesignator=C198 NewDesignator=C67
Change Component Designator: OldDesignator=C199 NewDesignator=C68
Change Component Designator: OldDesignator=C200 NewDesignator=C69
Change Component Designator: OldDesignator=C201 NewDesignator=C70
Change Component Designator: OldDesignator=C202 NewDesignator=C71
Change Component Designator: OldDesignator=C203 NewDesignator=C72
Change Component Designator: OldDesignator=C204 NewDesignator=C73
Change Component Designator: OldDesignator=C205 NewDesignator=C74
Change Component Designator: OldDesignator=C206 NewDesignator=C75
Change Component Designator: OldDesignator=C207 NewDesignator=C76
Change Component Designator: OldDesignator=C208 NewDesignator=C77
Change Component Designator: OldDesignator=C209 NewDesignator=C78
Change Component Designator: OldDesignator=C210 NewDesignator=C79
Change Component Designator: OldDesignator=C211 NewDesignator=C80
Change Component Designator: OldDesignator=C218 NewDesignator=C1
Change Component Designator: OldDesignator=C219 NewDesignator=C2
Change Component Designator: OldDesignator=C220 NewDesignator=C3
Change Component Designator: OldDesignator=C221 NewDesignator=C4
Change Component Designator: OldDesignator=C222 NewDesignator=C5
Change Component Designator: OldDesignator=C223 NewDesignator=C6
Change Component Designator: OldDesignator=C224 NewDesignator=C7
Change Component Designator: OldDesignator=C225 NewDesignator=C8
Change Component Designator: OldDesignator=C226 NewDesignator=C9
Change Component Designator: OldDesignator=C227 NewDesignator=C10
Change Component Designator: OldDesignator=C228 NewDesignator=C11
Change Component Designator: OldDesignator=C229 NewDesignator=C12
Change Component Designator: OldDesignator=FB1 NewDesignator=FB16
Change Component Designator: OldDesignator=FB2 NewDesignator=FB17
Change Component Designator: OldDesignator=FB3 NewDesignator=FB18
Change Component Designator: OldDesignator=FB4 NewDesignator=FB19
Change Component Designator: OldDesignator=FB5 NewDesignator=FB20
Change Component Designator: OldDesignator=FB6 NewDesignator=FB21
Change Component Designator: OldDesignator=FB7 NewDesignator=FB9
Change Component Designator: OldDesignator=FB8 NewDesignator=FB10
Change Component Designator: OldDesignator=FB9 NewDesignator=FB11
Change Component Designator: OldDesignator=FB10 NewDesignator=FB22
Change Component Designator: OldDesignator=FB11 NewDesignator=FB23
Change Component Designator: OldDesignator=FB12 NewDesignator=FB24
Change Component Designator: OldDesignator=FB18 NewDesignator=FB12
Change Component Designator: OldDesignator=FB19 NewDesignator=FB13
Change Component Designator: OldDesignator=FB20 NewDesignator=FB8
Change Component Designator: OldDesignator=FB22 NewDesignator=FB3
Change Component Designator: OldDesignator=FB23 NewDesignator=FB6
Change Component Designator: OldDesignator=FB24 NewDesignator=FB7
Change Component Designator: OldDesignator=FB25 NewDesignator=FB4
Change Component Designator: OldDesignator=FB26 NewDesignator=FB5
Change Component Designator: OldDesignator=FB27 NewDesignator=FB14
Change Component Designator: OldDesignator=FB28 NewDesignator=FB15
Change Component Designator: OldDesignator=FB29 NewDesignator=FB1
Change Component Designator: OldDesignator=FB30 NewDesignator=FB2
Change Component Designator: OldDesignator=IC1 NewDesignator=IC8
Change Component Designator: OldDesignator=IC2 NewDesignator=IC9
Change Component Designator: OldDesignator=IC3 NewDesignator=IC10
Change Component Designator: OldDesignator=IC4 NewDesignator=IC11
Change Component Designator: OldDesignator=IC5 NewDesignator=IC12
Change Component Designator: OldDesignator=IC6 NewDesignator=IC13
Change Component Designator: OldDesignator=IC7 NewDesignator=IC14
Change Component Designator: OldDesignator=IC8 NewDesignator=IC15
Change Component Designator: OldDesignator=IC10 NewDesignator=IC5
Change Component Designator: OldDesignator=IC11 NewDesignator=IC6
Change Component Designator: OldDesignator=IC12 NewDesignator=IC4
Change Component Designator: OldDesignator=IC14 NewDesignator=IC1
Change Component Designator: OldDesignator=IC15 NewDesignator=IC3
Change Component Designator: OldDesignator=IC16 NewDesignator=IC2
Change Component Designator: OldDesignator=IC17 NewDesignator=IC7
Change Component Designator: OldDesignator=L1 NewDesignator=L7
Change Component Designator: OldDesignator=L2 NewDesignator=L8
Change Component Designator: OldDesignator=L3 NewDesignator=L9
Change Component Designator: OldDesignator=L4 NewDesignator=L10
Change Component Designator: OldDesignator=L5 NewDesignator=L11
Change Component Designator: OldDesignator=L6 NewDesignator=L12
Change Component Designator: OldDesignator=L7 NewDesignator=L13
Change Component Designator: OldDesignator=L8 NewDesignator=L14
Change Component Designator: OldDesignator=L9 NewDesignator=L15
Change Component Designator: OldDesignator=L10 NewDesignator=L16
Change Component Designator: OldDesignator=L11 NewDesignator=L17
Change Component Designator: OldDesignator=L12 NewDesignator=L18
Change Component Designator: OldDesignator=L13 NewDesignator=L19
Change Component Designator: OldDesignator=L14 NewDesignator=L20
Change Component Designator: OldDesignator=L15 NewDesignator=L21
Change Component Designator: OldDesignator=L16 NewDesignator=L22
Change Component Designator: OldDesignator=L17 NewDesignator=L23
Change Component Designator: OldDesignator=L18 NewDesignator=L24
Change Component Designator: OldDesignator=L19 NewDesignator=L25
Change Component Designator: OldDesignator=L20 NewDesignator=L26
Change Component Designator: OldDesignator=L21 NewDesignator=L27
Change Component Designator: OldDesignator=L22 NewDesignator=L28
Change Component Designator: OldDesignator=L23 NewDesignator=L29
Change Component Designator: OldDesignator=L24 NewDesignator=L30
Change Component Designator: OldDesignator=L25 NewDesignator=L31
Change Component Designator: OldDesignator=L26 NewDesignator=L32
Change Component Designator: OldDesignator=L27 NewDesignator=L33
Change Component Designator: OldDesignator=L28 NewDesignator=L34
Change Component Designator: OldDesignator=L29 NewDesignator=L35
Change Component Designator: OldDesignator=L30 NewDesignator=L36
Change Component Designator: OldDesignator=L31 NewDesignator=L37
Change Component Designator: OldDesignator=L32 NewDesignator=L38
Change Component Designator: OldDesignator=L33 NewDesignator=L39
Change Component Designator: OldDesignator=L34 NewDesignator=L40
Change Component Designator: OldDesignator=L35 NewDesignator=L41
Change Component Designator: OldDesignator=L36 NewDesignator=L42
Change Component Designator: OldDesignator=L37 NewDesignator=L43
Change Component Designator: OldDesignator=L38 NewDesignator=L44
Change Component Designator: OldDesignator=L39 NewDesignator=L45
Change Component Designator: OldDesignator=L40 NewDesignator=L46
Change Component Designator: OldDesignator=L41 NewDesignator=L47
Change Component Designator: OldDesignator=L42 NewDesignator=L5
Change Component Designator: OldDesignator=L45 NewDesignator=L6
Change Component Designator: OldDesignator=L46 NewDesignator=L4
Change Component Designator: OldDesignator=L48 NewDesignator=L1
Change Component Designator: OldDesignator=L49 NewDesignator=L3
Change Component Designator: OldDesignator=L50 NewDesignator=L2
Change Component Designator: OldDesignator=R1 NewDesignator=R82
Change Component Designator: OldDesignator=R2 NewDesignator=R83
Change Component Designator: OldDesignator=R3 NewDesignator=R84
Change Component Designator: OldDesignator=R4 NewDesignator=R85
Change Component Designator: OldDesignator=R5 NewDesignator=R86
Change Component Designator: OldDesignator=R6 NewDesignator=R87
Change Component Designator: OldDesignator=R7 NewDesignator=R88
Change Component Designator: OldDesignator=R8 NewDesignator=R89
Change Component Designator: OldDesignator=R9 NewDesignator=R90
Change Component Designator: OldDesignator=R10 NewDesignator=R91
Change Component Designator: OldDesignator=R11 NewDesignator=R92
Change Component Designator: OldDesignator=R12 NewDesignator=R93
Change Component Designator: OldDesignator=R13 NewDesignator=R94
Change Component Designator: OldDesignator=R14 NewDesignator=R95
Change Component Designator: OldDesignator=R15 NewDesignator=R96
Change Component Designator: OldDesignator=R16 NewDesignator=R97
Change Component Designator: OldDesignator=R17 NewDesignator=R98
Change Component Designator: OldDesignator=R18 NewDesignator=R99
Change Component Designator: OldDesignator=R19 NewDesignator=R100
Change Component Designator: OldDesignator=R20 NewDesignator=R101
Change Component Designator: OldDesignator=R21 NewDesignator=R32
Change Component Designator: OldDesignator=R22 NewDesignator=R33
Change Component Designator: OldDesignator=R23 NewDesignator=R34
Change Component Designator: OldDesignator=R24 NewDesignator=R35
Change Component Designator: OldDesignator=R25 NewDesignator=R36
Change Component Designator: OldDesignator=R26 NewDesignator=R37
Change Component Designator: OldDesignator=R27 NewDesignator=R38
Change Component Designator: OldDesignator=R28 NewDesignator=R39
Change Component Designator: OldDesignator=R29 NewDesignator=R40
Change Component Designator: OldDesignator=R30 NewDesignator=R41
Change Component Designator: OldDesignator=R31 NewDesignator=R42
Change Component Designator: OldDesignator=R32 NewDesignator=R43
Change Component Designator: OldDesignator=R33 NewDesignator=R44
Change Component Designator: OldDesignator=R34 NewDesignator=R45
Change Component Designator: OldDesignator=R35 NewDesignator=R46
Change Component Designator: OldDesignator=R36 NewDesignator=R47
Change Component Designator: OldDesignator=R38 NewDesignator=R48
Change Component Designator: OldDesignator=R39 NewDesignator=R49
Change Component Designator: OldDesignator=R40 NewDesignator=R102
Change Component Designator: OldDesignator=R41 NewDesignator=R103
Change Component Designator: OldDesignator=R42 NewDesignator=R104
Change Component Designator: OldDesignator=R43 NewDesignator=R105
Change Component Designator: OldDesignator=R44 NewDesignator=R106
Change Component Designator: OldDesignator=R45 NewDesignator=R107
Change Component Designator: OldDesignator=R46 NewDesignator=R108
Change Component Designator: OldDesignator=R47 NewDesignator=R109
Change Component Designator: OldDesignator=R48 NewDesignator=R110
Change Component Designator: OldDesignator=R49 NewDesignator=R111
Change Component Designator: OldDesignator=R50 NewDesignator=R112
Change Component Designator: OldDesignator=R51 NewDesignator=R113
Change Component Designator: OldDesignator=R52 NewDesignator=R114
Change Component Designator: OldDesignator=R53 NewDesignator=R115
Change Component Designator: OldDesignator=R54 NewDesignator=R116
Change Component Designator: OldDesignator=R55 NewDesignator=R117
Change Component Designator: OldDesignator=R56 NewDesignator=R118
Change Component Designator: OldDesignator=R57 NewDesignator=R119
Change Component Designator: OldDesignator=R58 NewDesignator=R120
Change Component Designator: OldDesignator=R59 NewDesignator=R121
Change Component Designator: OldDesignator=R60 NewDesignator=R122
Change Component Designator: OldDesignator=R61 NewDesignator=R123
Change Component Designator: OldDesignator=R62 NewDesignator=R124
Change Component Designator: OldDesignator=R63 NewDesignator=R125
Change Component Designator: OldDesignator=R64 NewDesignator=R126
Change Component Designator: OldDesignator=R65 NewDesignator=R127
Change Component Designator: OldDesignator=R66 NewDesignator=R128
Change Component Designator: OldDesignator=R85 NewDesignator=R51
Change Component Designator: OldDesignator=R86 NewDesignator=R52
Change Component Designator: OldDesignator=R87 NewDesignator=R53
Change Component Designator: OldDesignator=R88 NewDesignator=R50
Change Component Designator: OldDesignator=R89 NewDesignator=R54
Change Component Designator: OldDesignator=R90 NewDesignator=R55
Change Component Designator: OldDesignator=R91 NewDesignator=R56
Change Component Designator: OldDesignator=R92 NewDesignator=R57
Change Component Designator: OldDesignator=R93 NewDesignator=R58
Change Component Designator: OldDesignator=R94 NewDesignator=R59
Change Component Designator: OldDesignator=R95 NewDesignator=R60
Change Component Designator: OldDesignator=R96 NewDesignator=R61
Change Component Designator: OldDesignator=R97 NewDesignator=R62
Change Component Designator: OldDesignator=R98 NewDesignator=R63
Change Component Designator: OldDesignator=R99 NewDesignator=R64
Change Component Designator: OldDesignator=R100 NewDesignator=R65
Change Component Designator: OldDesignator=R101 NewDesignator=R66
Change Component Designator: OldDesignator=R102 NewDesignator=R67
Change Component Designator: OldDesignator=R103 NewDesignator=R68
Change Component Designator: OldDesignator=R104 NewDesignator=R69
Change Component Designator: OldDesignator=R105 NewDesignator=R70
Change Component Designator: OldDesignator=R106 NewDesignator=R71
Change Component Designator: OldDesignator=R107 NewDesignator=R72
Change Component Designator: OldDesignator=R108 NewDesignator=R73
Change Component Designator: OldDesignator=R109 NewDesignator=R74
Change Component Designator: OldDesignator=R110 NewDesignator=R75
Change Component Designator: OldDesignator=R111 NewDesignator=R76
Change Component Designator: OldDesignator=R112 NewDesignator=R77
Change Component Designator: OldDesignator=R113 NewDesignator=R78
Change Component Designator: OldDesignator=R114 NewDesignator=R28
Change Component Designator: OldDesignator=R115 NewDesignator=R29
Change Component Designator: OldDesignator=R116 NewDesignator=R30
Change Component Designator: OldDesignator=R117 NewDesignator=R31
Change Component Designator: OldDesignator=R122 NewDesignator=R12
Change Component Designator: OldDesignator=R123 NewDesignator=R13
Change Component Designator: OldDesignator=R124 NewDesignator=R14
Change Component Designator: OldDesignator=R125 NewDesignator=R15
Change Component Designator: OldDesignator=R126 NewDesignator=R16
Change Component Designator: OldDesignator=R127 NewDesignator=R17
Change Component Designator: OldDesignator=R128 NewDesignator=R23
Change Component Designator: OldDesignator=R129 NewDesignator=R24
Change Component Designator: OldDesignator=R130 NewDesignator=R25
Change Component Designator: OldDesignator=R131 NewDesignator=R26
Change Component Designator: OldDesignator=R132 NewDesignator=R27
Change Component Designator: OldDesignator=R133 NewDesignator=R18
Change Component Designator: OldDesignator=R134 NewDesignator=R19
Change Component Designator: OldDesignator=R135 NewDesignator=R20
Change Component Designator: OldDesignator=R136 NewDesignator=R21
Change Component Designator: OldDesignator=R137 NewDesignator=R22
Change Component Designator: OldDesignator=R138 NewDesignator=R79
Change Component Designator: OldDesignator=R139 NewDesignator=R80
Change Component Designator: OldDesignator=R140 NewDesignator=R81
Change Component Designator: OldDesignator=R157 NewDesignator=R1
Change Component Designator: OldDesignator=R158 NewDesignator=R2
Change Component Designator: OldDesignator=R159 NewDesignator=R3
Change Component Designator: OldDesignator=R160 NewDesignator=R4
Change Component Designator: OldDesignator=R161 NewDesignator=R5
Change Component Designator: OldDesignator=R162 NewDesignator=R6
Change Component Designator: OldDesignator=R163 NewDesignator=R7
Change Component Designator: OldDesignator=R164 NewDesignator=R8
Change Component Designator: OldDesignator=R165 NewDesignator=R9
Change Component Designator: OldDesignator=R166 NewDesignator=R10
Change Component Designator: OldDesignator=R167 NewDesignator=R11
Change Component Designator: OldDesignator=S1 NewDesignator=S3
Change Component Designator: OldDesignator=S2 NewDesignator=S4
Change Component Designator: OldDesignator=S3 NewDesignator=S5
Change Component Designator: OldDesignator=S4 NewDesignator=S2
Change Component Designator: OldDesignator=S5 NewDesignator=S1
Change Component Designator: OldDesignator=VD1 NewDesignator=VD5
Change Component Designator: OldDesignator=VD2 NewDesignator=VD6
Change Component Designator: OldDesignator=VD3 NewDesignator=VD7
Change Component Designator: OldDesignator=VD5 NewDesignator=VD3
Change Component Designator: OldDesignator=VD6 NewDesignator=VD2
Change Component Designator: OldDesignator=VD7 NewDesignator=VD8
Change Component Designator: OldDesignator=VD8 NewDesignator=VD1
Change Designator: Unknown Component : X1
Change Component Designator: OldDesignator=XP3 NewDesignator=XP2
Change Component Designator: OldDesignator=XS1 NewDesignator=XS2
Change Component Designator: OldDesignator=XS2 NewDesignator=XS3
Change Component Designator: OldDesignator=XS7 NewDesignator=XS1
Change Component Designator: OldDesignator=ZQ1 NewDesignator=ZQ3
Change Component Designator: OldDesignator=ZQ2 NewDesignator=ZQ4
Change Component Designator: OldDesignator=ZQ4 NewDesignator=ZQ1
Change Component Designator: OldDesignator=ZQ5 NewDesignator=ZQ2
Change component parameters: Designator = "XP1" ("XP1"); Footprint = ":CON 5037630291"; UniqueID = "\ENBXAQKO" ("\ENBXAQKO")
Change component parameters (AddParameter): Name = "Arrow Part Number"; Value = ""; VariantName = "[No Variations]"
Change component parameters (AddParameter): Name = "Arrow Price/Stock"; Value = ""; VariantName = "[No Variations]"
Change component parameters (AddParameter): Name = "Datasheet Link"; Value = ""; VariantName = "[No Variations]"
Change component parameters (AddParameter): Name = "Height"; Value = ""; VariantName = "[No Variations]"
Change component parameters (AddParameter): Name = "Manufacturer_Name"; Value = "Molex"; VariantName = "[No Variations]"
Change component parameters (AddParameter): Name = "Manufacturer_Part_Number"; Value = "5040500491"; VariantName = "[No Variations]"
Change component parameters (AddParameter): Name = "Mouser Part Number"; Value = ""; VariantName = "[No Variations]"
Change component parameters (AddParameter): Name = "Mouser Price/Stock"; Value = ""; VariantName = "[No Variations]"
Change component parameters (AddParameter): Name = "Short Description"; Value = "1.5mm 4-pin"; VariantName = "[No Variations]"
Add Pin To Net: Unknown Pin: Pin GB1-+
Add Pin To Net: Unknown Pin: Pin GB1--
Add Pin To Net: Unknown Pin: Pin GB2-+
Add Pin To Net: Unknown Pin: Pin GB2--
Add Pin To Net: Unknown Pin: Pin X1-1
Add Pin To Net: Unknown Pin: Pin X2-1
Add Pin To Net: Unknown Pin: Pin XA1-1
Add Pin To Net: Unknown Pin: Pin XA2-1
Added Pin To Net: NetName=NetXA1_1 Pin=XP1-1
Added Pin To Net: NetName=NetXA1_1 Pin=XP1-2
Added Pin To Net: NetName=NetXA2_1 Pin=XP1-3
Added Pin To Net: NetName=NetXA2_1 Pin=XP1-4
Add Pin To Net: Unknown Pin: Pin XS1-SHELL
Change Net Name : Old Net Name=MCU Reset New Net Name=M\C\U\_\R\e\s\e\t\
Change Net Name : Old Net Name=NetC1_1 New Net Name=NetC81_1
Change Net Name : Old Net Name=NetC2_1 New Net Name=NetC82_1
Change Net Name : Old Net Name=NetC3_2 New Net Name=NetC83_2
Change Net Name : Old Net Name=NetC4_1 New Net Name=NetC84_1
Change Net Name : Old Net Name=NetC5_2 New Net Name=NetC85_2
Change Net Name : Old Net Name=NetC6_1 New Net Name=NetC86_1
Change Net Name : Old Net Name=NetC7_2 New Net Name=NetC87_2
Change Net Name : Old Net Name=NetC8_1 New Net Name=NetC88_1
Change Net Name : Old Net Name=NetC9_1 New Net Name=NetC89_1
Change Net Name : Old Net Name=NetC10_1 New Net Name=NetC90_1
Change Net Name : Old Net Name=NetC11_2 New Net Name=NetC91_2
Change Net Name : Old Net Name=NetC12_2 New Net Name=NetC92_2
Change Net Name : Old Net Name=NetC13_2 New Net Name=NetC93_2
Change Net Name : Old Net Name=NetC17_2 New Net Name=NetC97_2
Change Net Name : Old Net Name=NetC18_2 New Net Name=NetC98_2
Change Net Name : Old Net Name=NetC19_2 New Net Name=NetC99_2
Change Net Name : Old Net Name=NetC20_1 New Net Name=NetC100_1
Change Net Name : Old Net Name=NetC24_1 New Net Name=NetC104_1
Change Net Name : Old Net Name=NetC25_2 New Net Name=NetC105_2
Change Net Name : Old Net Name=NetC26_1 New Net Name=NetC106_1
Change Net Name : Old Net Name=NetC26_2 New Net Name=NetC106_2
Change Net Name : Old Net Name=NetC27_1 New Net Name=NetC107_1
Change Net Name : Old Net Name=NetC28_1 New Net Name=NetC108_1
Change Net Name : Old Net Name=NetC29_1 New Net Name=NetC109_1
Change Net Name : Old Net Name=NetC30_2 New Net Name=NetC110_2
Change Net Name : Old Net Name=NetC31_1 New Net Name=NetC111_1
Change Net Name : Old Net Name=NetC32_1 New Net Name=NetC112_1
Change Net Name : Old Net Name=NetC32_2 New Net Name=NetC112_2
Change Net Name : Old Net Name=NetC33_1 New Net Name=NetC113_1
Change Net Name : Old Net Name=NetC33_2 New Net Name=NetC113_2
Change Net Name : Old Net Name=NetC34_1 New Net Name=NetC114_1
Change Net Name : Old Net Name=NetC34_2 New Net Name=NetC114_2
Change Net Name : Old Net Name=NetC35_1 New Net Name=NetC115_1
Change Net Name : Old Net Name=NetC39_2 New Net Name=NetC119_2
Change Net Name : Old Net Name=NetC40_1 New Net Name=NetC120_1
Change Net Name : Old Net Name=NetC40_2 New Net Name=NetC120_2
Change Net Name : Old Net Name=NetC41_1 New Net Name=NetC121_1
Change Net Name : Old Net Name=NetC42_1 New Net Name=NetC122_1
Change Net Name : Old Net Name=NetC43_1 New Net Name=NetC123_1
Change Net Name : Old Net Name=NetC44_1 New Net Name=NetC124_1
Change Net Name : Old Net Name=NetC45_1 New Net Name=NetC125_1
Change Net Name : Old Net Name=NetC46_1 New Net Name=NetC126_1
Change Net Name : Old Net Name=NetC47_2 New Net Name=NetC127_2
Change Net Name : Old Net Name=NetC48_2 New Net Name=NetC128_2
Change Net Name : Old Net Name=NetC49_2 New Net Name=NetC129_2
Change Net Name : Old Net Name=NetC53_2 New Net Name=NetC133_2
Change Net Name : Old Net Name=NetC54_2 New Net Name=NetC134_2
Change Net Name : Old Net Name=NetC55_2 New Net Name=NetC135_2
Change Net Name : Old Net Name=NetC59_1 New Net Name=NetC139_1
Change Net Name : Old Net Name=NetC60_1 New Net Name=NetC140_1
Change Net Name : Old Net Name=NetC61_2 New Net Name=NetC141_2
Change Net Name : Old Net Name=NetC62_1 New Net Name=NetC142_1
Change Net Name : Old Net Name=NetC63_2 New Net Name=NetC143_2
Change Net Name : Old Net Name=NetC64_1 New Net Name=NetC144_1
Change Net Name : Old Net Name=NetC65_2 New Net Name=NetC145_2
Change Net Name : Old Net Name=NetC66_1 New Net Name=NetC146_1
Change Net Name : Old Net Name=NetC67_2 New Net Name=NetC147_2
Change Net Name : Old Net Name=NetC68_1 New Net Name=NetC148_1
Change Net Name : Old Net Name=NetC69_2 New Net Name=NetC149_2
Change Net Name : Old Net Name=NetC71_2 New Net Name=NetC151_2
Change Net Name : Old Net Name=NetC73_2 New Net Name=NetC153_2
Change Net Name : Old Net Name=NetC74_2 New Net Name=NetC154_2
Change Net Name : Old Net Name=NetC75_1 New Net Name=NetC155_1
Change Net Name : Old Net Name=NetC75_2 New Net Name=NetC155_2
Change Net Name : Old Net Name=NetC76_2 New Net Name=NetC156_2
Change Net Name : Old Net Name=NetC79_2 New Net Name=NetC159_2
Change Net Name : Old Net Name=NetC81_2 New Net Name=NetC161_2
Change Net Name : Old Net Name=NetC82_1 New Net Name=NetC162_1
Change Net Name : Old Net Name=NetC82_2 New Net Name=NetC162_2
Change Net Name : Old Net Name=NetC83_2 New Net Name=NetC163_2
Change Net Name : Old Net Name=NetC84_1 New Net Name=NetC164_1
Change Net Name : Old Net Name=NetC84_2 New Net Name=NetC164_2
Change Net Name : Old Net Name=NetC87_2 New Net Name=NetC33_2
Change Net Name : Old Net Name=NetC91_2 New Net Name=NetC37_2
Change Net Name : Old Net Name=NetC95_2 New Net Name=NetC41_2
Change Net Name : Old Net Name=NetC96_2 New Net Name=NetC42_2
Change Net Name : Old Net Name=NetC97_2 New Net Name=NetC43_2
Change Net Name : Old Net Name=NetC99_2 New Net Name=NetC44_2
Change Net Name : Old Net Name=NetC100_1 New Net Name=NetC45_1
Change Net Name : Old Net Name=NetC101_2 New Net Name=NetC167_2
Change Net Name : Old Net Name=NetC110_1 New Net Name=NetC176_1
Change Net Name : Old Net Name=NetC111_1 New Net Name=NetC177_1
Change Net Name : Old Net Name=NetC112_1 New Net Name=NetC178_1
Change Net Name : Old Net Name=NetC113_2 New Net Name=NetC179_2
Change Net Name : Old Net Name=NetC114_1 New Net Name=NetC180_1
Change Net Name : Old Net Name=NetC115_1 New Net Name=NetC181_1
Change Net Name : Old Net Name=NetC116_1 New Net Name=NetC182_1
Change Net Name : Old Net Name=NetC117_1 New Net Name=NetC183_1
Change Net Name : Old Net Name=NetC117_2 New Net Name=NetC183_2
Change Net Name : Old Net Name=NetC118_1 New Net Name=NetC184_1
Change Net Name : Old Net Name=NetC118_2 New Net Name=NetC184_2
Change Net Name : Old Net Name=NetC119_1 New Net Name=NetC185_1
Change Net Name : Old Net Name=NetC120_2 New Net Name=NetC186_2
Change Net Name : Old Net Name=NetC154_2 New Net Name=NetC47_2
Change Net Name : Old Net Name=NetC157_2 New Net Name=NetC50_2
Change Net Name : Old Net Name=NetC158_2 New Net Name=NetC51_2
Change Net Name : Old Net Name=NetC160_1 New Net Name=NetC53_1
Change Net Name : Old Net Name=NetC161_1 New Net Name=NetC54_1
Change Net Name : Old Net Name=NetC161_2 New Net Name=NetC54_2
Change Net Name : Old Net Name=NetC165_1 New Net Name=NetC29_1
Change Net Name : Old Net Name=NetC173_1 New Net Name=NetC13_1
Change Net Name : Old Net Name=NetC175_2 New Net Name=NetC15_2
Change Net Name : Old Net Name=NetC179_2 New Net Name=NetC24_2
Change Net Name : Old Net Name=NetC180_1 New Net Name=NetC25_1
Change Net Name : Old Net Name=NetC182_1 New Net Name=NetC27_1
Change Net Name : Old Net Name=NetC182_2 New Net Name=NetC27_2
Change Net Name : Old Net Name=NetC184_2 New Net Name=NetC19_2
Change Net Name : Old Net Name=NetC185_1 New Net Name=NetC20_1
Change Net Name : Old Net Name=NetC187_1 New Net Name=NetC22_1
Change Net Name : Old Net Name=NetC187_2 New Net Name=NetC22_2
Change Net Name : Old Net Name=NetC189_1 New Net Name=NetC58_1
Change Net Name : Old Net Name=NetC190_1 New Net Name=NetC59_1
Change Net Name : Old Net Name=NetC191_2 New Net Name=NetC60_2
Change Net Name : Old Net Name=NetC206_1 New Net Name=NetC75_1
Change Net Name : Old Net Name=NetC210_1 New Net Name=NetC79_1
Change Net Name : Old Net Name=NetC218_1 New Net Name=NetC1_1
Change Net Name : Old Net Name=NetC219_1 New Net Name=NetC2_1
Change Net Name : Old Net Name=NetC220_1 New Net Name=NetC3_1
Change Net Name : Old Net Name=NetC221_1 New Net Name=NetC4_1
Change Net Name : Old Net Name=NetC222_1 New Net Name=NetC5_1
Change Net Name : Old Net Name=NetC223_1 New Net Name=NetC6_1
Change Net Name : Old Net Name=NetC224_1 New Net Name=NetC7_1
Change Net Name : Old Net Name=NetC225_1 New Net Name=NetC8_1
Change Net Name : Old Net Name=NetC226_1 New Net Name=NetC9_1
Change Net Name : Old Net Name=NetC227_1 New Net Name=NetC10_1
Change Net Name : Old Net Name=NetFB24_2 New Net Name=NetFB7_2
Change Net Name : Old Net Name=NetFB26_2 New Net Name=NetFB5_2
Change Net Name : Old Net Name=NetFB29_2 New Net Name=NetFB1_2
Change Net Name : Old Net Name=NetFB30_2 New Net Name=NetFB2_2
Change Net Name : Old Net Name=NetIC1_3 New Net Name=NetIC8_3
Change Net Name : Old Net Name=NetIC2_3 New Net Name=NetIC9_3
Change Net Name : Old Net Name=NetIC2_4 New Net Name=NetIC9_4
Change Net Name : Old Net Name=NetIC3_3 New Net Name=NetIC10_3
Change Net Name : Old Net Name=NetIC3_4 New Net Name=NetIC10_4
Change Net Name : Old Net Name=NetIC3_11 New Net Name=NetIC10_11
Change Net Name : Old Net Name=NetIC4_3 New Net Name=NetIC11_3
Change Net Name : Old Net Name=NetIC5_3 New Net Name=NetIC12_3
Change Net Name : Old Net Name=NetIC5_4 New Net Name=NetIC12_4
Change Net Name : Old Net Name=NetIC6_3 New Net Name=NetIC13_3
Change Net Name : Old Net Name=NetIC6_4 New Net Name=NetIC13_4
Change Net Name : Old Net Name=NetIC7_7 New Net Name=NetIC14_7
Change Net Name : Old Net Name=NetIC7_8 New Net Name=NetIC14_8
Change Net Name : Old Net Name=NetIC7_9 New Net Name=NetIC14_9
Change Net Name : Old Net Name=NetIC7_10 New Net Name=NetIC14_10
Change Net Name : Old Net Name=NetIC7_11 New Net Name=NetIC14_11
Change Net Name : Old Net Name=NetIC7_12 New Net Name=NetIC14_12
Change Net Name : Old Net Name=NetIC7_13 New Net Name=NetIC14_13
Change Net Name : Old Net Name=NetIC7_16 New Net Name=NetIC14_16
Change Net Name : Old Net Name=NetIC7_17 New Net Name=NetIC14_17
Change Net Name : Old Net Name=NetIC7_18 New Net Name=NetIC14_18
Change Net Name : Old Net Name=NetIC7_19 New Net Name=NetIC14_19
Change Net Name : Old Net Name=NetIC7_20 New Net Name=NetIC14_20
Change Net Name : Old Net Name=NetIC7_22 New Net Name=NetIC14_22
Change Net Name : Old Net Name=NetIC7_25 New Net Name=NetIC14_25
Change Net Name : Old Net Name=NetIC7_27 New Net Name=NetIC14_27
Change Net Name : Old Net Name=NetIC7_28 New Net Name=NetIC14_28
Change Net Name : Old Net Name=NetIC8_1 New Net Name=NetIC15_1
Change Net Name : Old Net Name=NetIC8_2 New Net Name=NetIC15_2
Change Net Name : Old Net Name=NetIC8_10 New Net Name=NetIC15_10
Change Net Name : Old Net Name=NetIC8_18 New Net Name=NetIC15_18
Change Net Name : Old Net Name=NetIC8_23 New Net Name=NetIC15_23
Change Net Name : Old Net Name=NetIC8_24 New Net Name=NetIC15_24
Change Net Name : Old Net Name=NetIC8_25 New Net Name=NetIC15_25
Change Net Name : Old Net Name=NetIC8_26 New Net Name=NetIC15_26
Change Net Name : Old Net Name=NetIC8_27 New Net Name=NetIC15_27
Change Net Name : Old Net Name=NetIC8_31 New Net Name=NetIC15_31
Change Net Name : Old Net Name=NetIC8_32 New Net Name=NetIC15_32
Change Net Name : Old Net Name=NetIC8_33 New Net Name=NetIC15_33
Change Net Name : Old Net Name=NetIC8_34 New Net Name=NetIC15_34
Change Net Name : Old Net Name=NetIC8_35 New Net Name=NetIC15_35
Change Net Name : Old Net Name=NetIC8_36 New Net Name=NetIC15_36
Change Net Name : Old Net Name=NetIC8_37 New Net Name=NetIC15_37
Change Net Name : Old Net Name=NetIC8_38 New Net Name=NetIC15_38
Change Net Name : Old Net Name=NetIC8_39 New Net Name=NetIC15_39
Change Net Name : Old Net Name=NetIC8_40 New Net Name=NetIC15_40
Change Net Name : Old Net Name=NetIC8_41 New Net Name=NetIC15_41
Change Net Name : Old Net Name=NetIC8_42 New Net Name=NetIC15_42
Change Net Name : Old Net Name=NetIC8_43 New Net Name=NetIC15_43
Change Net Name : Old Net Name=NetIC8_44 New Net Name=NetIC15_44
Change Net Name : Old Net Name=NetIC8_45 New Net Name=NetIC15_45
Change Net Name : Old Net Name=NetIC10_A1 New Net Name=NetIC5_A1
Change Net Name : Old Net Name=NetIC10_A2 New Net Name=NetIC5_A2
Change Net Name : Old Net Name=NetIC10_B2 New Net Name=NetIC5_B2
Change Net Name : Old Net Name=NetIC10_C1 New Net Name=NetIC5_C1
Change Net Name : Old Net Name=NetIC10_C2 New Net Name=NetIC5_C2
Change Net Name : Old Net Name=NetIC11_6 New Net Name=NetIC6_6
Change Net Name : Old Net Name=NetIC11_7 New Net Name=NetIC6_7
Change Net Name : Old Net Name=NetIC11_8 New Net Name=NetIC6_8
Change Net Name : Old Net Name=NetIC11_9 New Net Name=NetIC6_9
Change Net Name : Old Net Name=NetIC11_10 New Net Name=NetIC6_10
Change Net Name : Old Net Name=NetIC11_12 New Net Name=NetIC6_12
Change Net Name : Old Net Name=NetIC11_15 New Net Name=NetIC6_15
Change Net Name : Old Net Name=NetIC11_16 New Net Name=NetIC6_16
Change Net Name : Old Net Name=NetIC11_17 New Net Name=NetIC6_17
Change Net Name : Old Net Name=NetIC11_19 New Net Name=NetIC6_19
Change Net Name : Old Net Name=NetIC12_A1 New Net Name=NetIC4_A1
Change Net Name : Old Net Name=NetIC12_A2 New Net Name=NetIC4_A2
Change Net Name : Old Net Name=NetIC12_B1 New Net Name=NetIC4_B1
Change Net Name : Old Net Name=NetIC12_D1 New Net Name=NetIC4_D1
Change Net Name : Old Net Name=NetIC14_1 New Net Name=NetIC1_1
Change Net Name : Old Net Name=NetIC14_2 New Net Name=NetIC1_2
Change Net Name : Old Net Name=NetIC14_3 New Net Name=NetIC1_3
Change Net Name : Old Net Name=NetIC14_6 New Net Name=NetIC1_6
Change Net Name : Old Net Name=NetIC14_8 New Net Name=NetIC1_8
Change Net Name : Old Net Name=NetIC14_10 New Net Name=NetIC1_10
Change Net Name : Old Net Name=NetIC15_2 New Net Name=NetIC3_2
Change Net Name : Old Net Name=NetIC15_3 New Net Name=NetIC3_3
Change Net Name : Old Net Name=NetIC15_6 New Net Name=NetIC3_6
Change Net Name : Old Net Name=NetIC16_2 New Net Name=NetIC2_2
Change Net Name : Old Net Name=NetIC16_3 New Net Name=NetIC2_3
Change Net Name : Old Net Name=NetIC16_6 New Net Name=NetIC2_6
Change Net Name : Old Net Name=NetIC17_A4 New Net Name=NetIC7_A4
Change Net Name : Old Net Name=NetIC17_A5 New Net Name=NetIC7_A5
Change Net Name : Old Net Name=NetIC17_A9 New Net Name=NetIC7_A9
Change Net Name : Old Net Name=NetIC17_B2 New Net Name=NetIC7_B2
Change Net Name : Old Net Name=NetIC17_B4 New Net Name=NetIC7_B4
Change Net Name : Old Net Name=NetIC17_B5 New Net Name=NetIC7_B5
Change Net Name : Old Net Name=NetIC17_B7 New Net Name=NetIC7_B7
Change Net Name : Old Net Name=NetIC17_B8 New Net Name=NetIC7_B8
Change Net Name : Old Net Name=NetIC17_B13 New Net Name=NetIC7_B13
Change Net Name : Old Net Name=NetIC17_C4 New Net Name=NetIC7_C4
Change Net Name : Old Net Name=NetIC17_C6 New Net Name=NetIC7_C6
Change Net Name : Old Net Name=NetIC17_C7 New Net Name=NetIC7_C7
Change Net Name : Old Net Name=NetIC17_C8 New Net Name=NetIC7_C8
Change Net Name : Old Net Name=NetIC17_C9 New Net Name=NetIC7_C9
Change Net Name : Old Net Name=NetIC17_D1 New Net Name=NetIC7_D1
Change Net Name : Old Net Name=NetIC17_D2 New Net Name=NetIC7_D2
Change Net Name : Old Net Name=NetIC17_D3 New Net Name=NetIC7_D3
Change Net Name : Old Net Name=NetIC17_D4 New Net Name=NetIC7_D4
Change Net Name : Old Net Name=NetIC17_D6 New Net Name=NetIC7_D6
Change Net Name : Old Net Name=NetIC17_D7 New Net Name=NetIC7_D7
Change Net Name : Old Net Name=NetIC17_E2 New Net Name=NetIC7_E2
Change Net Name : Old Net Name=NetIC17_E4 New Net Name=NetIC7_E4
Change Net Name : Old Net Name=NetIC17_E5 New Net Name=NetIC7_E5
Change Net Name : Old Net Name=NetIC17_E7 New Net Name=NetIC7_E7
Change Net Name : Old Net Name=NetIC17_E8 New Net Name=NetIC7_E8
Change Net Name : Old Net Name=NetIC17_E11 New Net Name=NetIC7_E11
Change Net Name : Old Net Name=NetIC17_F3 New Net Name=NetIC7_F3
Change Net Name : Old Net Name=NetIC17_F4 New Net Name=NetIC7_F4
Change Net Name : Old Net Name=NetIC17_F5 New Net Name=NetIC7_F5
Change Net Name : Old Net Name=NetIC17_F6 New Net Name=NetIC7_F6
Change Net Name : Old Net Name=NetIC17_F7 New Net Name=NetIC7_F7
Change Net Name : Old Net Name=NetIC17_F11 New Net Name=NetIC7_F11
Change Net Name : Old Net Name=NetIC17_G3 New Net Name=NetIC7_G3
Change Net Name : Old Net Name=NetIC17_G6 New Net Name=NetIC7_G6
Change Net Name : Old Net Name=NetIC17_G7 New Net Name=NetIC7_G7
Change Net Name : Old Net Name=NetIC17_G8 New Net Name=NetIC7_G8
Change Net Name : Old Net Name=NetIC17_G9 New Net Name=NetIC7_G9
Change Net Name : Old Net Name=NetIC17_H1 New Net Name=NetIC7_H1
Change Net Name : Old Net Name=NetIC17_H5 New Net Name=NetIC7_H5
Change Net Name : Old Net Name=NetIC17_H6 New Net Name=NetIC7_H6
Change Net Name : Old Net Name=NetIC17_H9 New Net Name=NetIC7_H9
Change Net Name : Old Net Name=NetIC17_H10 New Net Name=NetIC7_H10
Change Net Name : Old Net Name=NetIC17_H11 New Net Name=NetIC7_H11
Change Net Name : Old Net Name=NetIC17_J1 New Net Name=NetIC7_J1
Change Net Name : Old Net Name=NetIC17_J6 New Net Name=NetIC7_J6
Change Net Name : Old Net Name=NetIC17_J7 New Net Name=NetIC7_J7
Change Net Name : Old Net Name=NetIC17_J9 New Net Name=NetIC7_J9
Change Net Name : Old Net Name=NetIC17_K4 New Net Name=NetIC7_K4
Change Net Name : Old Net Name=NetIC17_K6 New Net Name=NetIC7_K6
Change Net Name : Old Net Name=NetIC17_L3 New Net Name=NetIC7_L3
Change Net Name : Old Net Name=NetIC17_L4 New Net Name=NetIC7_L4
Change Net Name : Old Net Name=NetIC17_L7 New Net Name=NetIC7_L7
Change Net Name : Old Net Name=NetIC17_L8 New Net Name=NetIC7_L8
Change Net Name : Old Net Name=NetIC17_M1 New Net Name=NetIC7_M1
Change Net Name : Old Net Name=NetIC17_M2 New Net Name=NetIC7_M2
Change Net Name : Old Net Name=NetIC17_M4 New Net Name=NetIC7_M4
Change Net Name : Old Net Name=NetIC17_M8 New Net Name=NetIC7_M8
Change Net Name : Old Net Name=NetIC17_N1 New Net Name=NetIC7_N1
Change Net Name : Old Net Name=NetIC17_N2 New Net Name=NetIC7_N2
Change Net Name : Old Net Name=NetIC17_N4 New Net Name=NetIC7_N4
Change Net Name : Old Net Name=NetIC17_N5 New Net Name=NetIC7_N5
Change Net Name : Old Net Name=NetIC17_N6 New Net Name=NetIC7_N6
Change Net Name : Old Net Name=NetIC17_N8 New Net Name=NetIC7_N8
Change Net Name : Old Net Name=NetR23_1 New Net Name=NetR34_1
Change Net Name : Old Net Name=NetR24_4 New Net Name=NetR35_4
Change Net Name : Old Net Name=NetR24_5 New Net Name=NetR35_5
Change Net Name : Old Net Name=NetR24_6 New Net Name=NetR35_6
Change Net Name : Old Net Name=NetR24_7 New Net Name=NetR35_7
Change Net Name : Old Net Name=NetR24_8 New Net Name=NetR35_8
Change Net Name : Old Net Name=NetR28_1 New Net Name=NetR39_1
Change Net Name : Old Net Name=NetR29_1 New Net Name=NetR40_1
Change Net Name : Old Net Name=NetR29_2 New Net Name=NetR40_2
Change Net Name : Old Net Name=NetR30_1 New Net Name=NetR41_1
Change Net Name : Old Net Name=NetR31_1 New Net Name=NetR42_1
Change Net Name : Old Net Name=NetR32_1 New Net Name=NetR43_1
Change Net Name : Old Net Name=NetR34_1 New Net Name=NetR45_1
Change Net Name : Old Net Name=NetR34_2 New Net Name=NetR45_2
Change Net Name : Old Net Name=NetR34_3 New Net Name=NetR45_3
Change Net Name : Old Net Name=NetR34_4 New Net Name=NetR45_4
Change Net Name : Old Net Name=NetR35_1 New Net Name=NetR46_1
Change Net Name : Old Net Name=NetR35_2 New Net Name=NetR46_2
Change Net Name : Old Net Name=NetR35_3 New Net Name=NetR46_3
Change Net Name : Old Net Name=NetR35_4 New Net Name=NetR46_4
Change Net Name : Old Net Name=NetR36_1 New Net Name=NetR47_1
Change Net Name : Old Net Name=NetR36_2 New Net Name=NetR47_2
Change Net Name : Old Net Name=NetR36_3 New Net Name=NetR47_3
Change Net Name : Old Net Name=NetR36_4 New Net Name=NetR47_4
Change Net Name : Old Net Name=NetR38_1 New Net Name=NetR48_1
Change Net Name : Old Net Name=NetR38_2 New Net Name=NetR48_2
Change Net Name : Old Net Name=NetR39_2 New Net Name=NetR49_2
Change Net Name : Old Net Name=NetR59_1 New Net Name=NetR121_1
Change Net Name : Old Net Name=NetR62_1 New Net Name=NetR124_1
Change Net Name : Old Net Name=NetR64_1 New Net Name=NetR126_1
Change Net Name : Old Net Name=NetR139_1 New Net Name=NetR80_1
Change Net Name : Old Net Name=NetVD8_2 New Net Name=NetVD1_2
Change Net Name : Old Net Name=NetXP3_1 New Net Name=NetXP2_1
Change Net Name : Old Net Name=NetXP3_3 New Net Name=NetXP2_3
Change Net Name : Old Net Name=PE14 (int14) New Net Name=G\P\S\_\C\o\n\n\e\c\t\
Added Pin To Net: NetName=NetIC7_A1 Pin=IC7-A1
Added Net: Name=NetIC7_A1
Added Pin To Net: NetName=NetIC7_A2 Pin=IC7-A2
Added Net: Name=NetIC7_A2
Added Pin To Net: NetName=NetIC7_A12 Pin=IC7-A12
Added Net: Name=NetIC7_A12
Added Pin To Net: NetName=NetIC7_A13 Pin=IC7-A13
Added Net: Name=NetIC7_A13
Added Pin To Net: NetName=NetIC7_B1 Pin=IC7-B1
Added Net: Name=NetIC7_B1
Added Pin To Net: NetName=NetIC7_B9 Pin=IC7-B9
Added Net: Name=NetIC7_B9
Added Pin To Net: NetName=NetIC7_B10 Pin=IC7-B10
Added Net: Name=NetIC7_B10
Added Pin To Net: NetName=NetIC7_B11 Pin=IC7-B11
Added Net: Name=NetIC7_B11
Added Pin To Net: NetName=NetIC7_B12 Pin=IC7-B12
Added Net: Name=NetIC7_B12
Added Pin To Net: NetName=NetIC7_C3 Pin=IC7-C3
Added Net: Name=NetIC7_C3
Added Pin To Net: NetName=NetIC7_C10 Pin=IC7-C10
Added Net: Name=NetIC7_C10
Added Pin To Net: NetName=NetIC7_C11 Pin=IC7-C11
Added Net: Name=NetIC7_C11
Added Pin To Net: NetName=NetIC7_D8 Pin=IC7-D8
Added Net: Name=NetIC7_D8
Added Pin To Net: NetName=NetIC7_D10 Pin=IC7-D10
Added Net: Name=NetIC7_D10
Added Pin To Net: NetName=NetIC7_D11 Pin=IC7-D11
Added Net: Name=NetIC7_D11
Added Pin To Net: NetName=NetIC7_E1 Pin=IC7-E1
Added Net: Name=NetIC7_E1
Added Pin To Net: NetName=NetIC7_E6 Pin=IC7-E6
Added Net: Name=NetIC7_E6
Added Pin To Net: NetName=NetIC7_E9 Pin=IC7-E9
Added Net: Name=NetIC7_E9
Added Pin To Net: NetName=NetIC7_E10 Pin=IC7-E10
Added Net: Name=NetIC7_E10
Added Pin To Net: NetName=NetIC7_E12 Pin=IC7-E12
Added Net: Name=NetIC7_E12
Added Pin To Net: NetName=NetIC7_F8 Pin=IC7-F8
Added Net: Name=NetIC7_F8
Added Pin To Net: NetName=NetIC7_F9 Pin=IC7-F9
Added Net: Name=NetIC7_F9
Added Pin To Net: NetName=NetIC7_F10 Pin=IC7-F10
Added Net: Name=NetIC7_F10
Added Pin To Net: NetName=NetIC7_G4 Pin=IC7-G4
Added Net: Name=NetIC7_G4
Added Pin To Net: NetName=NetIC7_G5 Pin=IC7-G5
Added Net: Name=NetIC7_G5
Added Pin To Net: NetName=NetIC7_G10 Pin=IC7-G10
Added Net: Name=NetIC7_G10
Added Pin To Net: NetName=NetIC7_G11 Pin=IC7-G11
Added Net: Name=NetIC7_G11
Added Pin To Net: NetName=NetIC7_G12 Pin=IC7-G12
Added Net: Name=NetIC7_G12
Added Pin To Net: NetName=NetIC7_G13 Pin=IC7-G13
Added Net: Name=NetIC7_G13
Added Pin To Net: NetName=NetIC7_H4 Pin=IC7-H4
Added Net: Name=NetIC7_H4
Added Pin To Net: NetName=NetIC7_H7 Pin=IC7-H7
Added Net: Name=NetIC7_H7
Added Pin To Net: NetName=NetIC7_H8 Pin=IC7-H8
Added Net: Name=NetIC7_H8
Added Pin To Net: NetName=NetIC7_J2 Pin=IC7-J2
Added Net: Name=NetIC7_J2
Added Pin To Net: NetName=NetIC7_J3 Pin=IC7-J3
Added Net: Name=NetIC7_J3
Added Pin To Net: NetName=NetIC7_J4 Pin=IC7-J4
Added Net: Name=NetIC7_J4
Added Pin To Net: NetName=NetIC7_J8 Pin=IC7-J8
Added Net: Name=NetIC7_J8
Added Pin To Net: NetName=NetIC7_J10 Pin=IC7-J10
Added Net: Name=NetIC7_J10
Added Pin To Net: NetName=NetIC7_K1 Pin=IC7-K1
Added Net: Name=NetIC7_K1
Added Pin To Net: NetName=NetIC7_K3 Pin=IC7-K3
Added Net: Name=NetIC7_K3
Added Pin To Net: NetName=NetIC7_K5 Pin=IC7-K5
Added Net: Name=NetIC7_K5
Added Pin To Net: NetName=NetIC7_K8 Pin=IC7-K8
Added Net: Name=NetIC7_K8
Added Pin To Net: NetName=NetIC7_K9 Pin=IC7-K9
Added Net: Name=NetIC7_K9
Added Pin To Net: NetName=NetIC7_K10 Pin=IC7-K10
Added Net: Name=NetIC7_K10
Added Pin To Net: NetName=NetIC7_L5 Pin=IC7-L5
Added Net: Name=NetIC7_L5
Added Pin To Net: NetName=NetIC7_L9 Pin=IC7-L9
Added Net: Name=NetIC7_L9
Added Pin To Net: NetName=NetIC7_M5 Pin=IC7-M5
Added Net: Name=NetIC7_M5
Added Pin To Net: NetName=NetIC7_M6 Pin=IC7-M6
Added Net: Name=NetIC7_M6
Added Pin To Net: NetName=NetIC7_M9 Pin=IC7-M9
Added Net: Name=NetIC7_M9
Added Pin To Net: NetName=NetIC7_M10 Pin=IC7-M10
Added Net: Name=NetIC7_M10
Added Pin To Net: NetName=NetIC7_M12 Pin=IC7-M12
Added Net: Name=NetIC7_M12
Added Pin To Net: NetName=NetIC7_N9 Pin=IC7-N9
Added Net: Name=NetIC7_N9
Added Pin To Net: NetName=NetIC7_N10 Pin=IC7-N10
Added Net: Name=NetIC7_N10
Added Pin To Net: NetName=NetIC7_N12 Pin=IC7-N12
Added Net: Name=NetIC7_N12
Added Pin To Net: NetName=NetIC7_N13 Pin=IC7-N13
Added Net: Name=NetIC7_N13
Change Class Name : Old Net Name=A2 New Net Name=A8
Change Class Name : Old Net Name=A3 New Net Name=A9
Change Class Name : Old Net Name=A4 New Net Name=A5
Change Class Name : Old Net Name=A5 New Net Name=A10
Change Class Name : Old Net Name=A9 New Net Name=A6
Change Class Name : Old Net Name=A10 New Net Name=A4
Change Class Name : Old Net Name=A12 New Net Name=A1
Change Class Name : Old Net Name=A13 New Net Name=A3
Change Class Name : Old Net Name=A14 New Net Name=A2
Change Class Name : Old Net Name=A15 New Net Name=A7
Change Class Name : Old Net Name=“≈»ﬂ.464511.002 ›3 New Net Name=7Ã07110 ›3
Add Class Member: Failed to add class member : Component A1 1.69" OLED
Add Class Member: Failed to add class member : Component A2
Add Class Member: Failed to add class member : Component AC1 0151320401
Add Class Member: Failed to add class member : Component GB1 3.7V 1850mAh
Add Class Member: Failed to add class member : Component GB2 3.7V 1850mAh
Add Class Member: Failed to add class member : Component WA1 ANT-433-CW-QW-SMA-male
Add Class Member: Failed to add class member : Component X1 Big Circle Pad
Add Class Member: Failed to add class member : Component X2 Big Circle Pad
Add Class Member: Failed to add class member : Component XA1 0861-0-15-20-82-14-11-0
Add Class Member: Failed to add class member : Component XA2 0861-0-15-20-82-14-11-0
Change Room Name: Old Name=RoomBGA New Name=A7
Change Room Scope: Old Scope=InComponent('IC27') New Scope=InComponentClass('A7')
Added Room: Name=7Ã07110 ›3
Added Room: Name=A1
Added Room: Name=A2
Added Room: Name=A3
Added Room: Name=A4
Added Room: Name=A5
Added Room: Name=A6
Added Room: Name=A8
Added Room: Name=A9
Added Room: Name=A10
